0 info it worked if it ends with ok
1 verbose cli [ 'C:\\Program Files\\nodejs\\node.exe',
1 verbose cli   'C:\\Users\\bachm\\AppData\\Roaming\\npm\\node_modules\\npm\\bin\\npm-cli.js',
1 verbose cli   'start' ]
2 info using npm@4.0.3
3 info using node@v8.11.1
4 verbose run-script [ 'prestart', 'start', 'poststart' ]
5 info lifecycle iemployee@0.0.0~prestart: iemployee@0.0.0
6 silly lifecycle iemployee@0.0.0~prestart: no script for prestart, continuing
7 info lifecycle iemployee@0.0.0~start: iemployee@0.0.0
8 verbose lifecycle iemployee@0.0.0~start: unsafe-perm in lifecycle true
9 verbose lifecycle iemployee@0.0.0~start: PATH: C:\Users\bachm\AppData\Roaming\npm\node_modules\npm\bin\node-gyp-bin;C:\Users\bachm\Desktop\iemployee\node_modules\.bin;C:\Users\bachm\bin;C:\Program Files\Git\mingw64\bin;C:\Program Files\Git\usr\local\bin;C:\Program Files\Git\usr\bin;C:\Program Files\Git\usr\bin;C:\Program Files\Git\mingw64\bin;C:\Program Files\Git\usr\bin;C:\Users\bachm\bin;C:\Program Files (x86)\ActiveState Komodo Edit 11;C:\Program Files (x86)\Intel\iCLS Client;C:\Program Files\Intel\iCLS Client;C:\WINDOWS\system32;C:\WINDOWS;C:\WINDOWS\System32\Wbem;C:\WINDOWS\System32\WindowsPowerShell\v1.0;C:\Users\bachm\.dnx\bin;C:\Program Files\Microsoft DNX\Dnvm;C:\Program Files\Microsoft SQL Server\130\Tools\Binn;C:\xampp\php;C:\Program Files (x86)\Muse;C:\Program Files\Microsoft SQL Server\120\Tools\Binn;C:\Program Files (x86)\Windows Kits\10\Windows Performance Toolkit;C:\Program Files\Git\cmd;C:\Program Files\doxygen\bin;C:\Program Files\PuTTY;C:\Program Files (x86)\Zenity\bin;C:\Program Files (x86)\Intel\Intel(R) Management Engine Components\DAL;C:\Program Files\Intel\Intel(R) Management Engine Components\DAL;C:\Program Files (x86)\Intel\Intel(R) Management Engine Components\IPT;C:\Program Files\Intel\Intel(R) Management Engine Components\IPT;C:\Program Files (x86)\Yarn\bin;C:\Program Files\Intel\WiFi\bin;C:\Program Files\Common Files\Intel\WirelessCommon;C:\MAMP\bin\php\php7.0.13;C:\ProgramData\ComposerSetup\bin;C:\Users\bachm\AppData\Local\Programs\Python\Python36-32;C:\Program Files\nodejs;C:\Users\bachm\Anaconda3;C:\Users\bachm\Anaconda3\Library\mingw-w64\bin;C:\Users\bachm\Anaconda3\Library\usr\bin;C:\Users\bachm\Anaconda3\Library\bin;C:\Users\bachm\Anaconda3\Scripts;C:\Ruby23-x64\bin;C:\Users\bachm\AppData\Local\Microsoft\WindowsApps;C:\Users\bachm\AppData\Local\atom\bin;C:\Users\bachm\AppData\Local\Microsoft\WindowsApps;C:\Program Files\Intel\WiFi\bin;C:\Program Files\Common Files\Intel\WirelessCommon;C:\Users\bachm\AppData\Local\Yarn\bin;C:\Users\bachm\AppData\Roaming\Composer\vendor\bin;C:\Program Files\Microsoft VS Code\bin;C:\Users\bachm\AppData\Local\Programs\MiKTeX 2.9\miktex\bin\x64;C:\Users\bachm\AppData\Roaming\npm;C:\Program Files\Git\usr\bin\vendor_perl;C:\Program Files\Git\usr\bin\core_perl
10 verbose lifecycle iemployee@0.0.0~start: CWD: C:\Users\bachm\Desktop\iemployee
11 silly lifecycle iemployee@0.0.0~start: Args: [ '/d /s /c', 'node ./bin/server' ]
12 silly lifecycle iemployee@0.0.0~start: Returned: code: 1  signal: null
13 info lifecycle iemployee@0.0.0~start: Failed to exec start script
14 verbose stack Error: iemployee@0.0.0 start: `node ./bin/server`
14 verbose stack Exit status 1
14 verbose stack     at EventEmitter.<anonymous> (C:\Users\bachm\AppData\Roaming\npm\node_modules\npm\lib\utils\lifecycle.js:279:16)
14 verbose stack     at emitTwo (events.js:126:13)
14 verbose stack     at EventEmitter.emit (events.js:214:7)
14 verbose stack     at ChildProcess.<anonymous> (C:\Users\bachm\AppData\Roaming\npm\node_modules\npm\lib\utils\spawn.js:40:14)
14 verbose stack     at emitTwo (events.js:126:13)
14 verbose stack     at ChildProcess.emit (events.js:214:7)
14 verbose stack     at maybeClose (internal/child_process.js:925:16)
14 verbose stack     at Process.ChildProcess._handle.onexit (internal/child_process.js:209:5)
15 verbose pkgid iemployee@0.0.0
16 verbose cwd C:\Users\bachm\Desktop\iemployee
17 error Windows_NT 10.0.15063
18 error argv "C:\\Program Files\\nodejs\\node.exe" "C:\\Users\\bachm\\AppData\\Roaming\\npm\\node_modules\\npm\\bin\\npm-cli.js" "start"
19 error node v8.11.1
20 error npm  v4.0.3
21 error code ELIFECYCLE
22 error iemployee@0.0.0 start: `node ./bin/server`
22 error Exit status 1
23 error Failed at the iemployee@0.0.0 start script 'node ./bin/server'.
23 error Make sure you have the latest version of node.js and npm installed.
23 error If you do, this is most likely a problem with the iemployee package,
23 error not with npm itself.
23 error Tell the author that this fails on your system:
23 error     node ./bin/server
23 error You can get information on how to open an issue for this project with:
23 error     npm bugs iemployee
23 error Or if that isn't available, you can get their info via:
23 error     npm owner ls iemployee
23 error There is likely additional logging output above.
24 verbose exit [ 1, true ]
